2025-03-18 19:15:43,269:WARNING:
'cuml' is a soft dependency and not included in the pycaret installation. Please run: `pip install cuml` to install.
2025-03-18 19:15:43,269:WARNING:
'cuml' is a soft dependency and not included in the pycaret installation. Please run: `pip install cuml` to install.
2025-03-18 19:15:43,269:WARNING:
'cuml' is a soft dependency and not included in the pycaret installation. Please run: `pip install cuml` to install.
2025-03-18 19:15:43,269:WARNING:
'cuml' is a soft dependency and not included in the pycaret installation. Please run: `pip install cuml` to install.
2025-03-18 19:16:22,324:WARNING:
'cuml' is a soft dependency and not included in the pycaret installation. Please run: `pip install cuml` to install.
2025-03-18 19:16:22,332:WARNING:
'cuml' is a soft dependency and not included in the pycaret installation. Please run: `pip install cuml` to install.
2025-03-18 19:16:22,332:WARNING:
'cuml' is a soft dependency and not included in the pycaret installation. Please run: `pip install cuml` to install.
2025-03-18 19:16:22,332:WARNING:
'cuml' is a soft dependency and not included in the pycaret installation. Please run: `pip install cuml` to install.
2025-03-18 19:19:59,706:WARNING:
'cuml' is a soft dependency and not included in the pycaret installation. Please run: `pip install cuml` to install.
2025-03-18 19:19:59,707:WARNING:
'cuml' is a soft dependency and not included in the pycaret installation. Please run: `pip install cuml` to install.
2025-03-18 19:19:59,707:WARNING:
'cuml' is a soft dependency and not included in the pycaret installation. Please run: `pip install cuml` to install.
2025-03-18 19:19:59,707:WARNING:
'cuml' is a soft dependency and not included in the pycaret installation. Please run: `pip install cuml` to install.
2025-03-18 19:20:34,722:WARNING:
'cuml' is a soft dependency and not included in the pycaret installation. Please run: `pip install cuml` to install.
2025-03-18 19:20:34,722:WARNING:
'cuml' is a soft dependency and not included in the pycaret installation. Please run: `pip install cuml` to install.
2025-03-18 19:20:34,722:WARNING:
'cuml' is a soft dependency and not included in the pycaret installation. Please run: `pip install cuml` to install.
2025-03-18 19:20:34,722:WARNING:
'cuml' is a soft dependency and not included in the pycaret installation. Please run: `pip install cuml` to install.
2025-03-18 19:21:57,784:WARNING:
'cuml' is a soft dependency and not included in the pycaret installation. Please run: `pip install cuml` to install.
2025-03-18 19:21:57,784:WARNING:
'cuml' is a soft dependency and not included in the pycaret installation. Please run: `pip install cuml` to install.
2025-03-18 19:21:57,784:WARNING:
'cuml' is a soft dependency and not included in the pycaret installation. Please run: `pip install cuml` to install.
2025-03-18 19:21:57,784:WARNING:
'cuml' is a soft dependency and not included in the pycaret installation. Please run: `pip install cuml` to install.
2025-03-18 19:23:23,495:WARNING:
'cuml' is a soft dependency and not included in the pycaret installation. Please run: `pip install cuml` to install.
2025-03-18 19:23:23,495:WARNING:
'cuml' is a soft dependency and not included in the pycaret installation. Please run: `pip install cuml` to install.
2025-03-18 19:23:23,495:WARNING:
'cuml' is a soft dependency and not included in the pycaret installation. Please run: `pip install cuml` to install.
2025-03-18 19:23:23,495:WARNING:
'cuml' is a soft dependency and not included in the pycaret installation. Please run: `pip install cuml` to install.
2025-03-18 19:23:58,456:WARNING:
'cuml' is a soft dependency and not included in the pycaret installation. Please run: `pip install cuml` to install.
2025-03-18 19:23:58,456:WARNING:
'cuml' is a soft dependency and not included in the pycaret installation. Please run: `pip install cuml` to install.
2025-03-18 19:23:58,456:WARNING:
'cuml' is a soft dependency and not included in the pycaret installation. Please run: `pip install cuml` to install.
2025-03-18 19:23:58,456:WARNING:
'cuml' is a soft dependency and not included in the pycaret installation. Please run: `pip install cuml` to install.
2025-03-18 19:24:02,202:INFO:PyCaret ClassificationExperiment
2025-03-18 19:24:02,202:INFO:Logging name: clf-default-name
2025-03-18 19:24:02,202:INFO:ML Usecase: MLUsecase.CLASSIFICATION
2025-03-18 19:24:02,202:INFO:version 3.4.0
2025-03-18 19:24:02,203:INFO:Initializing setup()
2025-03-18 19:24:02,203:INFO:self.USI: c50c
2025-03-18 19:24:02,203:INFO:self._variable_keys: {'seed', 'is_multiclass', 'gpu_param', 'logging_param', 'USI', 'gpu_n_jobs_param', 'fix_imbalance', 'memory', 'y_train', 'idx', 'exp_id', 'y', 'log_plots_param', 'html_param', '_available_plots', 'fold_groups_param', 'target_param', 'n_jobs_param', 'exp_name_log', '_ml_usecase', 'pipeline', 'fold_generator', 'fold_shuffle_param', 'X_test', 'y_test', 'X_train', 'data', 'X'}
2025-03-18 19:24:02,203:INFO:Checking environment
2025-03-18 19:24:02,203:INFO:python_version: 3.12.9
2025-03-18 19:24:02,203:INFO:python_build: ('tags/v3.12.9:fdb8142', 'Feb  4 2025 15:27:58')
2025-03-18 19:24:02,203:INFO:machine: AMD64
2025-03-18 19:24:02,224:INFO:platform: Windows-11-10.0.22631-SP0
2025-03-18 19:24:02,228:INFO:Memory: svmem(total=17018630144, available=3823173632, percent=77.5, used=13195456512, free=3823173632)
2025-03-18 19:24:02,228:INFO:Physical Core: 4
2025-03-18 19:24:02,228:INFO:Logical Core: 8
2025-03-18 19:24:02,228:INFO:Checking libraries
2025-03-18 19:24:02,228:INFO:System:
2025-03-18 19:24:02,228:INFO:    python: 3.12.9 (tags/v3.12.9:fdb8142, Feb  4 2025, 15:27:58) [MSC v.1942 64 bit (AMD64)]
2025-03-18 19:24:02,228:INFO:executable: C:\Users\Rieley West\AppData\Local\Programs\Python\Python312\python.exe
2025-03-18 19:24:02,228:INFO:   machine: Windows-11-10.0.22631-SP0
2025-03-18 19:24:02,228:INFO:PyCaret required dependencies:
2025-03-18 19:24:02,326:INFO:                 pip: 25.0.1
2025-03-18 19:24:02,326:INFO:          setuptools: 76.1.0
2025-03-18 19:24:02,326:INFO:             pycaret: 3.4.0
2025-03-18 19:24:02,326:INFO:             IPython: 9.0.2
2025-03-18 19:24:02,326:INFO:          ipywidgets: 8.1.5
2025-03-18 19:24:02,326:INFO:                tqdm: 4.67.1
2025-03-18 19:24:02,326:INFO:               numpy: 1.26.4
2025-03-18 19:24:02,326:INFO:              pandas: 2.1.4
2025-03-18 19:24:02,326:INFO:              jinja2: 3.1.6
2025-03-18 19:24:02,327:INFO:               scipy: 1.11.4
2025-03-18 19:24:02,327:INFO:              joblib: 1.4.2
2025-03-18 19:24:02,327:INFO:             sklearn: 1.4.2
2025-03-18 19:24:02,327:INFO:                pyod: 2.0.3
2025-03-18 19:24:02,327:INFO:            imblearn: 0.13.0
2025-03-18 19:24:02,327:INFO:   category_encoders: 2.7.0
2025-03-18 19:24:02,327:INFO:            lightgbm: 4.6.0
2025-03-18 19:24:02,327:INFO:               numba: 0.61.0
2025-03-18 19:24:02,327:INFO:            requests: 2.32.3
2025-03-18 19:24:02,327:INFO:          matplotlib: 3.7.5
2025-03-18 19:24:02,327:INFO:          scikitplot: 0.3.7
2025-03-18 19:24:02,327:INFO:         yellowbrick: 1.5
2025-03-18 19:24:02,327:INFO:              plotly: 5.24.1
2025-03-18 19:24:02,327:INFO:    plotly-resampler: Not installed
2025-03-18 19:24:02,327:INFO:             kaleido: 0.2.1
2025-03-18 19:24:02,327:INFO:           schemdraw: 0.15
2025-03-18 19:24:02,327:INFO:         statsmodels: 0.14.4
2025-03-18 19:24:02,327:INFO:              sktime: 0.31.0
2025-03-18 19:24:02,327:INFO:               tbats: 1.1.3
2025-03-18 19:24:02,327:INFO:            pmdarima: 2.0.4
2025-03-18 19:24:02,327:INFO:              psutil: 7.0.0
2025-03-18 19:24:02,327:INFO:          markupsafe: 3.0.2
2025-03-18 19:24:02,327:INFO:             pickle5: Not installed
2025-03-18 19:24:02,327:INFO:         cloudpickle: 3.1.1
2025-03-18 19:24:02,328:INFO:         deprecation: 2.1.0
2025-03-18 19:24:02,328:INFO:              xxhash: 3.5.0
2025-03-18 19:24:02,328:INFO:           wurlitzer: Not installed
2025-03-18 19:24:02,328:INFO:PyCaret optional dependencies:
2025-03-18 19:24:02,342:INFO:                shap: Not installed
2025-03-18 19:24:02,342:INFO:           interpret: Not installed
2025-03-18 19:24:02,342:INFO:                umap: Not installed
2025-03-18 19:24:02,342:INFO:     ydata_profiling: Not installed
2025-03-18 19:24:02,342:INFO:  explainerdashboard: Not installed
2025-03-18 19:24:02,342:INFO:             autoviz: Not installed
2025-03-18 19:24:02,342:INFO:           fairlearn: Not installed
2025-03-18 19:24:02,342:INFO:          deepchecks: Not installed
2025-03-18 19:24:02,342:INFO:             xgboost: Not installed
2025-03-18 19:24:02,342:INFO:            catboost: Not installed
2025-03-18 19:24:02,342:INFO:              kmodes: Not installed
2025-03-18 19:24:02,342:INFO:             mlxtend: Not installed
2025-03-18 19:24:02,342:INFO:       statsforecast: Not installed
2025-03-18 19:24:02,342:INFO:        tune_sklearn: Not installed
2025-03-18 19:24:02,342:INFO:                 ray: Not installed
2025-03-18 19:24:02,342:INFO:            hyperopt: Not installed
2025-03-18 19:24:02,342:INFO:              optuna: Not installed
2025-03-18 19:24:02,342:INFO:               skopt: Not installed
2025-03-18 19:24:02,342:INFO:              mlflow: Not installed
2025-03-18 19:24:02,342:INFO:              gradio: Not installed
2025-03-18 19:24:02,342:INFO:             fastapi: Not installed
2025-03-18 19:24:02,342:INFO:             uvicorn: Not installed
2025-03-18 19:24:02,342:INFO:              m2cgen: Not installed
2025-03-18 19:24:02,342:INFO:           evidently: Not installed
2025-03-18 19:24:02,342:INFO:               fugue: Not installed
2025-03-18 19:24:02,342:INFO:           streamlit: Not installed
2025-03-18 19:24:02,342:INFO:             prophet: Not installed
2025-03-18 19:24:02,342:INFO:None
2025-03-18 19:24:02,343:INFO:Set up data.
2025-03-18 19:24:09,703:WARNING:
'cuml' is a soft dependency and not included in the pycaret installation. Please run: `pip install cuml` to install.
2025-03-18 19:24:09,703:WARNING:
'cuml' is a soft dependency and not included in the pycaret installation. Please run: `pip install cuml` to install.
2025-03-18 19:24:09,703:WARNING:
'cuml' is a soft dependency and not included in the pycaret installation. Please run: `pip install cuml` to install.
2025-03-18 19:24:09,703:WARNING:
'cuml' is a soft dependency and not included in the pycaret installation. Please run: `pip install cuml` to install.
2025-03-18 19:24:26,313:WARNING:
'cuml' is a soft dependency and not included in the pycaret installation. Please run: `pip install cuml` to install.
2025-03-18 19:24:26,313:WARNING:
'cuml' is a soft dependency and not included in the pycaret installation. Please run: `pip install cuml` to install.
2025-03-18 19:24:26,314:WARNING:
'cuml' is a soft dependency and not included in the pycaret installation. Please run: `pip install cuml` to install.
2025-03-18 19:24:26,314:WARNING:
'cuml' is a soft dependency and not included in the pycaret installation. Please run: `pip install cuml` to install.
